The Ancestors of Gregory Lawrence Cameron:
Parents:
        Lawrence Clyde Cameron, b. 22 DEC 1941
        Bonnie Lorraine Downen, b. 28 MAR 1945
Grandparents:
        Paul Roland Cameron, b. 2 JUL 1908
        Margret Fern Simdars, b. 7 DEC 1911
        Rodney Edward Downen, b. 10 NOV 1917
        Mildred Claire Marsh, b. 10 DEC 1919
Great Grandparents:
        Amos Benson Cameron, b. 4 AUG 1872
        Sarah Cathrine Stephens, b. 1 DEC 1874
        Albert Simdars, b. 10 JAN 1883
        Edna Pearl Rhodefer, b. 26 FEB 1892
        Edward Rezin Downen, b. 12 MAR 1883
        Edith Farrish, b. 8 AUG 1885
        Ivan Marsh, b. 24 FEB 1898
        Arline Vera Hart, b. 21 JUL 1898
2nd Great Grandparents:
        Lowry Cameron, b. 28 AUG 1848
        Emily Ellen Moorhead, b. 23 JAN 1852
        David Stephens, b. 28 APR 1854
        Susan J. Everett, b. OCT 1857
        Herman Frederick Simdars, b. 28 OCT 1843
        Wilhelmina C. H. Gilzo, b. 8 JAN 1849
        Samuel Rhodefer, b. 2 JUN 1857
        Mary Margret Tiller, b. 22 DEC 1872
        Samuel Crabtree Downen, b. 23 JAN 1849
        Martha Jane South, b. MAY 1856
        William Thomas Farrish, b. 9 AUG 1836
        Content Vaughn Bean, b. 14 APR 1847
        William Daniel Marsh, b. 18 AUG 1860
        Hester Ann Munson, b. 6 JUN 1859
        Thomas Duncan Sedgwick Hart, b. 6 JUL 1866
        Bertha May Malone, b. 26 JUL 1878
3rd Great Grandparents:
        Frederick Cameron, b. 10 MAY 1823
        Elizabeth Grow, b. 29 SEP 1823
        David Moorhead, b. 17 NOV 1816
        Lydia Hahn, b. 13 NOV 1818
        David Stephens, b. 1821
        Cathrine Winkelman, b. MAY 1825
        Joseph Everett, b. 1822
        Elizabeth, b. 1830
        August Simdars, b. 1801
        Carolyn Wauttke, b. 1808
        Abraham Rhodefer, b. 16 AUG 1821
        Elizabeth Feagler, b. 20 NOV 1821
        John Perdue Tiller, b. 5 APR 1839
        Levisa H. Brown, b. 1 MAR 1841
        Job Downen, b. 10 JAN 1809
        Margret Outlaw, b. 1822
        Daniel South, b. 1812
        Rebecca McCormick, b. 2 APR 1824
        William Thomas Farrish, b. 1795
        Cathrine Smith, b. 1805
        Thomas Goodrich Bean, b. 9 MAR 1818
        Sarah Bourn Vaughan, b. 7 JUN 1817
        Daniel P. Marsh, b. 7 JUN 1830
        Sarah Ann Cox, b. 7 OCT 1835
        Samuel Munson, b. 1831/1832
        Cathrine Jester, b. 1839
        Moses Montgomery Hart, b. 18 NOV 1836
        Ione Sedgwick, b. 10 FEB 1839
        Levi Malone, b. 16 MAR 1848
        Emma Roseta Standfield, b. 29 JUN 1858
4th Great Grandparents:
        Hugh Cameron, b. 1780
        Elizabeth Pershing, b. 1785
        Jacob Grow, b. 1792
        Mary Miller, b. 20 AUG 1802
        James Moorhead, b. 1766
        Barbara
        John Hahn, b. 1775/1780
        Stoner
        Frederick Winkelman, b. 1780
        Elizabeth Ferrier, b. 1788
        John Zimdars, b. 1775
        Samuel Rhodefer, b. 1781
        Barbara Ruby, b. 1784
        John Feagler, b. 1786
        Susanne Culler
        Anderson Tiller, b. 16 DEC 1810
        Priscilla Perdue, b. 6 JUL 1813
        Thomas Brown
        Margret
        Job Downen, b. 1765
        Mary Robinson, b. 1769/1770
        Alexander McCormick, b. 25 FEB 1800
        Sarah Burton Walker, b. 25 NOV 1803
        Eliphalet Bean, b. 20 MAY 1759
        Betsy Goodrich, b. 1760
        Daniel Bowen Vaughan, b. 8 NOV 1781
        Content Bourne, b. 19 FEB 1785
        George Tabor Marsh, b. 18 DEC 1796
        Sarah Ann Smith, b. 2 NOV 1805
        John William Cox
        Betty Jackson
        Isaac Munson, b. 31 JUL 1801
        Harriet Johnson, b. 1805
        James T. Jester, b. 1799
        Hester Price, b. 1810
        Nathan Hart, b. 1801
        Amelia van Ostern, b. 1809/1812
        Isaac Malone, b. OCT 1819
        Lavina Hill, b. NOV 1820
        William F. Standfield, b. 13 JAN 1835
        Sally Dewitt, b. 9 MAY 1836
5th Great Grandparents:
        Hugh Cameron, b. 1746
        Phebe
        Peter Frederick Pershing, b. 1759
        Elizabeth Ulery, b. 1760
        James Jr. Moorhead, b. ABT 1740
        Lydia Jones
        Andrew Ferrier, b. 1760
        Jane Beatty, b. 1762
        Samuel Rodeheffer
        Mary
        William Tiller, b. 26 APR 1788
        Rebecca Clay, b. 1790/1798
        Thomas Perdue
        Elenor
        Josiah Downen, b. 1740/1745
        Mary Smith, b. ABT 1747
        Enoch Bean, b. 1733
        Lovey Gordon, b. ABT 1738
        Benjamin Vaughan, b. 15 AUG 1757
        Sarah Beaman, b. 11 OCT 1760
        Daniel Marsh, b. 7 MAR 1771
        Fanny Morse, b. 15 JUL 1776
        Samuel Munson, b. 1760/1765
        Clarey Hudspeth, b. 1760
        John Malone, b. 1796
        Sarah, b. 1798
        James Standfield, b. 1815
        Elizabeth Bond, b. 1817
        David Dewitt, b. 9 JUN 1798
        Rachel Starner, b. 5 FEB 1806
